<?xml version="1.0" encoding="UTF-8"?>
<!-- Generated by org.testng.reporters.JUnitXMLReporter -->
<testsuite ignored="0" hostname="DESKTOP-N0UTN4D" failures="1" tests="1" name="Test" time="33.509" errors="0" timestamp="2022-05-30T16:46:15 IST">
  <testcase classname="AmazonTesting.TestApplication" name="verifyClickOnAll" time="0.101">
    <failure type="java.lang.NullPointerException">
      <![CDATA[java.lang.NullPointerException
at java.base/java.util.Objects.requireNonNull(Objects.java:208)
at org.openqa.selenium.support.ui.FluentWait.<init>(FluentWait.java:106)
at org.openqa.selenium.support.ui.WebDriverWait.<init>(WebDriverWait.java:85)
at org.openqa.selenium.support.ui.WebDriverWait.<init>(WebDriverWait.java:45)
at pomClasses.ApplicationHeader.ClickOnAll(ApplicationHeader.java:30)
at AmazonTesting.TestApplication.verifyClickOnAll(TestApplication.java:44)
at java.base/java.util.ArrayList.forEach(ArrayList.java:1511)
... Removed 27 stack frames]]>
    </failure>
  </testcase> <!-- verifyClickOnAll -->
</testsuite> <!-- Test -->
